# JRE version: OpenJDK Runtime Environment (21.0.10) (build 21.0.10+-14961533-b1163.108)
# Java VM: OpenJDK 64-Bit Server VM (21.0.10+-14961533-b1163.108, mixed mode, tiered, compressed oops, compressed class ptrs, g1 gc, windows-amd64)
GC Precious Log:
 CardTable entry size: 512
 Card Set container configuration: InlinePtr #cards 4 size 8 Array Of Cards #cards 16 size 48 Howl #buckets 8 coarsen threshold 3686 Howl Bitmap #cards 512 size 80 coarsen threshold 460 Card regions per heap region 1 cards per card region 4096
 CPUs: 8 total, 8 available
 Memory: 16262M
 Large Page Support: Disabled
 NUMA Support: Disabled
 Compressed Oops: Enabled (Zero based)
 Heap Region Size: 2M
 Heap Min Capacity: 8M
 Heap Initial Capacity: 256M
 Heap Max Capacity: 3G
 Pre-touch: Disabled
 Parallel Workers: 8
 Concurrent Workers: 2
 Concurrent Refinement Workers: 8
 Periodic GC: Disabled
Heap:
 garbage-first heap   total 274432K, used 211916K [0x0000000740000000, 0x0000000800000000)
  region size 2048K, 26 young (53248K), 5 survivors (10240K)
 Metaspace       used 131868K, committed 134272K, reserved 557056K
  class space    used 18660K, committed 19840K, reserved 425984K
GC Heap History (20 events):
Event: 18.047 GC heap before
{Heap before GC invocations=35 (full 0):
 garbage-first heap   total 200704K, used 179718K [0x0000000740000000, 0x0000000800000000)
  region size 2048K, 36 young (73728K), 4 survivors (8192K)
 Metaspace       used 114780K, committed 116992K, reserved 557056K
  class space    used 16419K, committed 17536K, reserved 425984K
}
Event: 18.054 GC heap after
{Heap after GC invocations=36 (full 0):
 garbage-first heap   total 200704K, used 116756K [0x0000000740000000, 0x0000000800000000)
  region size 2048K, 3 young (6144K), 3 survivors (6144K)
 Metaspace       used 114780K, committed 116992K, reserved 557056K
  class space    used 16419K, committed 17536K, reserved 425984K
}
Event: 18.725 GC heap before
{Heap before GC invocations=36 (full 0):
 garbage-first heap   total 200704K, used 180244K [0x0000000740000000, 0x0000000800000000)
  region size 2048K, 35 young (71680K), 3 survivors (6144K)
 Metaspace       used 117009K, committed 119168K, reserved 557056K
  class space    used 16709K, committed 17792K, reserved 425984K
}
Event: 18.733 GC heap after
{Heap after GC invocations=37 (full 0):
 garbage-first heap   total 200704K, used 120218K [0x0000000740000000, 0x0000000800000000)
  region size 2048K, 5 young (10240K), 5 survivors (10240K)
 Metaspace       used 117009K, committed 119168K, reserved 557056K
  class space    used 16709K, committed 17792K, reserved 425984K
}
Event: 19.149 GC heap before
{Heap before GC invocations=37 (full 0):
 garbage-first heap   total 200704K, used 181658K [0x0000000740000000, 0x0000000800000000)
  region size 2048K, 36 young (73728K), 5 survivors (10240K)
 Metaspace       used 117477K, committed 119680K, reserved 557056K
  class space    used 16768K, committed 17856K, reserved 425984K
}
Event: 19.158 GC heap after
{Heap after GC invocations=38 (full 0):
 garbage-first heap   total 200704K, used 122947K [0x0000000740000000, 0x0000000800000000)
  region size 2048K, 4 young (8192K), 4 survivors (8192K)
 Metaspace       used 117477K, committed 119680K, reserved 557056K
  class space    used 16768K, committed 17856K, reserved 425984K
}
Event: 19.979 GC heap before
{Heap before GC invocations=39 (full 0):
 garbage-first heap   total 208896K, used 186435K [0x0000000740000000, 0x0000000800000000)
  region size 2048K, 34 young (69632K), 4 survivors (8192K)
 Metaspace       used 119861K, committed 122112K, reserved 557056K
  class space    used 17071K, committed 18176K, reserved 425984K
}
Event: 19.989 GC heap after
{Heap after GC invocations=40 (full 0):
 garbage-first heap   total 208896K, used 132375K [0x0000000740000000, 0x0000000800000000)
  region size 2048K, 5 young (10240K), 5 survivors (10240K)
 Metaspace       used 119861K, committed 122112K, reserved 557056K
  class space    used 17071K, committed 18176K, reserved 425984K
}
Event: 20.532 GC heap before
{Heap before GC invocations=40 (full 0):
 garbage-first heap   total 208896K, used 191767K [0x0000000740000000, 0x0000000800000000)
  region size 2048K, 34 young (69632K), 5 survivors (10240K)
 Metaspace       used 121507K, committed 123840K, reserved 557056K
  class space    used 17272K, committed 18432K, reserved 425984K
}
Event: 20.544 GC heap after
{Heap after GC invocations=41 (full 0):
 garbage-first heap   total 212992K, used 139023K [0x0000000740000000, 0x0000000800000000)
  region size 2048K, 4 young (8192K), 4 survivors (8192K)
 Metaspace       used 121507K, committed 123840K, reserved 557056K
  class space    used 17272K, committed 18432K, reserved 425984K
}
Event: 21.026 GC heap before
{Heap before GC invocations=41 (full 0):
 garbage-first heap   total 212992K, used 192271K [0x0000000740000000, 0x0000000800000000)
  region size 2048K, 31 young (63488K), 4 survivors (8192K)
 Metaspace       used 121824K, committed 124160K, reserved 557056K
  class space    used 17295K, committed 18432K, reserved 425984K
}
Event: 21.037 GC heap after
{Heap after GC invocations=42 (full 0):
 garbage-first heap   total 256000K, used 144270K [0x0000000740000000, 0x0000000800000000)
  region size 2048K, 3 young (6144K), 3 survivors (6144K)
 Metaspace       used 121824K, committed 124160K, reserved 557056K
  class space    used 17295K, committed 18432K, reserved 425984K
}
Event: 21.922 GC heap before
{Heap before GC invocations=43 (full 0):
 garbage-first heap   total 256000K, used 230286K [0x0000000740000000, 0x0000000800000000)
  region size 2048K, 45 young (92160K), 3 survivors (6144K)
 Metaspace       used 122183K, committed 124544K, reserved 557056K
  class space    used 17340K, committed 18496K, reserved 425984K
}
Event: 21.932 GC heap after
{Heap after GC invocations=44 (full 0):
 garbage-first heap   total 256000K, used 152537K [0x0000000740000000, 0x0000000800000000)
  region size 2048K, 6 young (12288K), 6 survivors (12288K)
 Metaspace       used 122183K, committed 124544K, reserved 557056K
  class space    used 17340K, committed 18496K, reserved 425984K
}
Event: 22.489 GC heap before
{Heap before GC invocations=44 (full 0):
 garbage-first heap   total 256000K, used 228313K [0x0000000740000000, 0x0000000800000000)
  region size 2048K, 44 young (90112K), 6 survivors (12288K)
 Metaspace       used 122853K, committed 125184K, reserved 557056K
  class space    used 17419K, committed 18560K, reserved 425984K
}
Event: 22.503 GC heap after
{Heap after GC invocations=45 (full 0):
 garbage-first heap   total 256000K, used 157992K [0x0000000740000000, 0x0000000800000000)
  region size 2048K, 4 young (8192K), 4 survivors (8192K)
 Metaspace       used 122853K, committed 125184K, reserved 557056K
  class space    used 17419K, committed 18560K, reserved 425984K
}
Event: 23.410 GC heap before
{Heap before GC invocations=45 (full 0):
 garbage-first heap   total 256000K, used 233768K [0x0000000740000000, 0x0000000800000000)
  region size 2048K, 41 young (83968K), 4 survivors (8192K)
 Metaspace       used 129168K, committed 131584K, reserved 557056K
  class space    used 18296K, committed 19456K, reserved 425984K
}
Event: 23.419 GC heap after
{Heap after GC invocations=46 (full 0):
 garbage-first heap   total 256000K, used 163401K [0x0000000740000000, 0x0000000800000000)
  region size 2048K, 3 young (6144K), 3 survivors (6144K)
 Metaspace       used 129168K, committed 131584K, reserved 557056K
  class space    used 18296K, committed 19456K, reserved 425984K
}
Event: 24.382 GC heap before
{Heap before GC invocations=47 (full 0):
 garbage-first heap   total 274432K, used 237129K [0x0000000740000000, 0x0000000800000000)
  region size 2048K, 39 young (79872K), 3 survivors (6144K)
 Metaspace       used 131336K, committed 133696K, reserved 557056K
  class space    used 18573K, committed 19712K, reserved 425984K
}
Event: 24.397 GC heap after
{Heap after GC invocations=48 (full 0):
 garbage-first heap   total 274432K, used 173004K [0x0000000740000000, 0x0000000800000000)
  region size 2048K, 5 young (10240K), 5 survivors (10240K)
 Metaspace       used 131336K, committed 133696K, reserved 557056K
  class space    used 18573K, committed 19712K, reserved 425984K
}

