# JRE version: OpenJDK Runtime Environment (21.0.10) (build 21.0.10+-14961533-b1163.108)
# Java VM: OpenJDK 64-Bit Server VM (21.0.10+-14961533-b1163.108, mixed mode, tiered, compressed oops, compressed class ptrs, g1 gc, windows-amd64)
GC Precious Log:
 CardTable entry size: 512
 Card Set container configuration: InlinePtr #cards 4 size 8 Array Of Cards #cards 32 size 80 Howl #buckets 8 coarsen threshold 7372 Howl Bitmap #cards 1024 size 144 coarsen threshold 921 Card regions per heap region 1 cards per card region 8192
 CPUs: 8 total, 8 available
 Memory: 16262M
 Large Page Support: Disabled
 NUMA Support: Disabled
 Compressed Oops: Enabled (Zero based)
 Heap Region Size: 4M
 Heap Min Capacity: 8M
 Heap Initial Capacity: 256M
 Heap Max Capacity: 8G
 Pre-touch: Disabled
 Parallel Workers: 8
 Concurrent Workers: 2
 Concurrent Refinement Workers: 8
 Periodic GC: Disabled
Heap:
 garbage-first heap   total 307200K, used 194521K [0x0000000600000000, 0x0000000800000000)
  region size 4096K, 10 young (40960K), 4 survivors (16384K)
 Metaspace       used 137500K, committed 139840K, reserved 1179648K
  class space    used 19404K, committed 20544K, reserved 1048576K
GC Heap History (20 events):
Event: 27.192 GC heap before
{Heap before GC invocations=35 (full 0):
 garbage-first heap   total 192512K, used 160053K [0x0000000600000000, 0x0000000800000000)
  region size 4096K, 14 young (57344K), 2 survivors (8192K)
 Metaspace       used 112605K, committed 114752K, reserved 1179648K
  class space    used 15909K, committed 16960K, reserved 1048576K
}
Event: 27.197 GC heap after
{Heap after GC invocations=36 (full 0):
 garbage-first heap   total 192512K, used 112952K [0x0000000600000000, 0x0000000800000000)
  region size 4096K, 1 young (4096K), 1 survivors (4096K)
 Metaspace       used 112605K, committed 114752K, reserved 1179648K
  class space    used 15909K, committed 16960K, reserved 1048576K
}
Event: 27.718 GC heap before
{Heap before GC invocations=36 (full 0):
 garbage-first heap   total 192512K, used 170296K [0x0000000600000000, 0x0000000800000000)
  region size 4096K, 15 young (61440K), 1 survivors (4096K)
 Metaspace       used 117226K, committed 119296K, reserved 1179648K
  class space    used 16717K, committed 17728K, reserved 1048576K
}
Event: 27.723 GC heap after
{Heap after GC invocations=37 (full 0):
 garbage-first heap   total 233472K, used 113974K [0x0000000600000000, 0x0000000800000000)
  region size 4096K, 1 young (4096K), 1 survivors (4096K)
 Metaspace       used 117226K, committed 119296K, reserved 1179648K
  class space    used 16717K, committed 17728K, reserved 1048576K
}
Event: 28.714 GC heap before
{Heap before GC invocations=37 (full 0):
 garbage-first heap   total 233472K, used 212278K [0x0000000600000000, 0x0000000800000000)
  region size 4096K, 25 young (102400K), 1 survivors (4096K)
 Metaspace       used 122850K, committed 124992K, reserved 1179648K
  class space    used 17458K, committed 18496K, reserved 1048576K
}
Event: 28.722 GC heap after
{Heap after GC invocations=38 (full 0):
 garbage-first heap   total 233472K, used 118701K [0x0000000600000000, 0x0000000800000000)
  region size 4096K, 3 young (12288K), 3 survivors (12288K)
 Metaspace       used 122850K, committed 124992K, reserved 1179648K
  class space    used 17458K, committed 18496K, reserved 1048576K
}
Event: 29.295 GC heap before
{Heap before GC invocations=39 (full 0):
 garbage-first heap   total 233472K, used 212909K [0x0000000600000000, 0x0000000800000000)
  region size 4096K, 26 young (106496K), 3 survivors (12288K)
 Metaspace       used 123237K, committed 125440K, reserved 1179648K
  class space    used 17531K, committed 18624K, reserved 1048576K
}
Event: 29.303 GC heap after
{Heap after GC invocations=40 (full 0):
 garbage-first heap   total 233472K, used 126349K [0x0000000600000000, 0x0000000800000000)
  region size 4096K, 4 young (16384K), 4 survivors (16384K)
 Metaspace       used 123237K, committed 125440K, reserved 1179648K
  class space    used 17531K, committed 18624K, reserved 1048576K
}
Event: 29.926 GC heap before
{Heap before GC invocations=40 (full 0):
 garbage-first heap   total 233472K, used 208269K [0x0000000600000000, 0x0000000800000000)
  region size 4096K, 25 young (102400K), 4 survivors (16384K)
 Metaspace       used 126943K, committed 129152K, reserved 1179648K
  class space    used 17998K, committed 19072K, reserved 1048576K
}
Event: 29.943 GC heap after
{Heap after GC invocations=41 (full 0):
 garbage-first heap   total 241664K, used 134189K [0x0000000600000000, 0x0000000800000000)
  region size 4096K, 4 young (16384K), 4 survivors (16384K)
 Metaspace       used 126943K, committed 129152K, reserved 1179648K
  class space    used 17998K, committed 19072K, reserved 1048576K
}
Event: 30.630 GC heap before
{Heap before GC invocations=41 (full 0):
 garbage-first heap   total 241664K, used 220205K [0x0000000600000000, 0x0000000800000000)
  region size 4096K, 25 young (102400K), 4 survivors (16384K)
 Metaspace       used 127433K, committed 129664K, reserved 1179648K
  class space    used 18043K, committed 19136K, reserved 1048576K
}
Event: 30.644 GC heap after
{Heap after GC invocations=42 (full 0):
 garbage-first heap   total 245760K, used 142512K [0x0000000600000000, 0x0000000800000000)
  region size 4096K, 4 young (16384K), 4 survivors (16384K)
 Metaspace       used 127433K, committed 129664K, reserved 1179648K
  class space    used 18043K, committed 19136K, reserved 1048576K
}
Event: 31.212 GC heap before
{Heap before GC invocations=43 (full 0):
 garbage-first heap   total 245760K, used 216240K [0x0000000600000000, 0x0000000800000000)
  region size 4096K, 23 young (94208K), 4 survivors (16384K)
 Metaspace       used 127799K, committed 130112K, reserved 1179648K
  class space    used 18088K, committed 19200K, reserved 1048576K
}
Event: 31.225 GC heap after
{Heap after GC invocations=44 (full 0):
 garbage-first heap   total 249856K, used 152162K [0x0000000600000000, 0x0000000800000000)
  region size 4096K, 3 young (12288K), 3 survivors (12288K)
 Metaspace       used 127799K, committed 130112K, reserved 1179648K
  class space    used 18088K, committed 19200K, reserved 1048576K
}
Event: 31.557 GC heap before
{Heap before GC invocations=44 (full 0):
 garbage-first heap   total 249856K, used 221794K [0x0000000600000000, 0x0000000800000000)
  region size 4096K, 20 young (81920K), 3 survivors (12288K)
 Metaspace       used 128107K, committed 130368K, reserved 1179648K
  class space    used 18120K, committed 19200K, reserved 1048576K
}
Event: 31.566 GC heap after
{Heap after GC invocations=45 (full 0):
 garbage-first heap   total 249856K, used 157278K [0x0000000600000000, 0x0000000800000000)
  region size 4096K, 2 young (8192K), 2 survivors (8192K)
 Metaspace       used 128107K, committed 130368K, reserved 1179648K
  class space    used 18120K, committed 19200K, reserved 1048576K
}
Event: 32.336 GC heap before
{Heap before GC invocations=45 (full 0):
 garbage-first heap   total 249856K, used 226910K [0x0000000600000000, 0x0000000800000000)
  region size 4096K, 19 young (77824K), 2 survivors (8192K)
 Metaspace       used 133634K, committed 136000K, reserved 1179648K
  class space    used 18904K, committed 20032K, reserved 1048576K
}
Event: 32.343 GC heap after
{Heap after GC invocations=46 (full 0):
 garbage-first heap   total 307200K, used 162231K [0x0000000600000000, 0x0000000800000000)
  region size 4096K, 3 young (12288K), 3 survivors (12288K)
 Metaspace       used 133634K, committed 136000K, reserved 1179648K
  class space    used 18904K, committed 20032K, reserved 1048576K
}
Event: 33.491 GC heap before
{Heap before GC invocations=47 (full 0):
 garbage-first heap   total 307200K, used 272823K [0x0000000600000000, 0x0000000800000000)
  region size 4096K, 31 young (126976K), 3 survivors (12288K)
 Metaspace       used 137097K, committed 139392K, reserved 1179648K
  class space    used 19343K, committed 20480K, reserved 1048576K
}
Event: 33.505 GC heap after
{Heap after GC invocations=48 (full 0):
 garbage-first heap   total 307200K, used 174041K [0x0000000600000000, 0x0000000800000000)
  region size 4096K, 4 young (16384K), 4 survivors (16384K)
 Metaspace       used 137097K, committed 139392K, reserved 1179648K
  class space    used 19343K, committed 20480K, reserved 1048576K
}

